<?xml version="1.0" encoding="UTF-8"?>
<!-- Generated by org.testng.reporters.JUnitReportReporter -->
<testsuite hostname="YVELANI-IN" failures="0" tests="3" name="Tests.TestScenarios" time="79.127" errors="0" timestamp="25 Apr 2018 10:06:57 GMT" skipped="1">
  <testcase classname="Tests.TestScenarios" name="Login_TC002" time="37.923"/>
  <testcase classname="Tests.TestScenarios" name="Login_TC001" time="15.749">
    <skipped/>
  </testcase> <!-- Login_TC001 -->
  <testcase classname="Tests.TestScenarios" name="Login_TC002" time="25.455"/>
</testsuite> <!-- Tests.TestScenarios -->
